<?xml version="1.0" encoding="UTF-8"?>
<!-- Generated by org.testng.reporters.JUnitXMLReporter -->
<testsuite ignored="0" hostname="VirendraSingh" failures="0" tests="3" name="Test" time="46.894" errors="0" timestamp="2024-05-09T18:07:43 IST">
  <testcase classname="com.crm.comcast.orgtest.CreateOrgTest" name="createOrgTest" time="9.6"/>
  <testcase classname="com.crm.comcast.orgtest.CreateOrgTest" name="createOrganizationWithIndustries" time="9.514"/>
  <testcase classname="com.crm.comcast.orgtest.CreateOrgTest" name="createOrganizationWithPhoneNumber" time="8.978"/>
</testsuite> <!-- Test -->
